build/app/outputs/mapping/release/seeds.txt
com.mauzoApp.app.MainActivity
com.mauzoApp.app.MainActivity: MainActivity()
...
com.luck.picture.lib.compress.Checker: java.lang.String MIME_TYPE_HEIC
androidx.camera.core.UseCase$State: androidx.camera.core.UseCase$State[] $VALUES
com.google.android.gms.internal.mlkit_vision_barcode_bundled.zzs: com.google.android.gms.internal.mlkit_vision_barcode_bundled.zzs zzmv
com.google.android.datatransport.cct.internal.QosTier: com.google.android.datatransport.cct.internal.QosTier UNRECOGNIZED
com.luck.picture.lib.R$style: int Widget_AppCompat_Light_ActionBar_TabBar_Inverse
com.luck.picture.lib.config.PictureSelectionConfig: boolean checkNumMode
com.google.android.gms.internal.mlkit_vision_barcode_bundled.zzs: com.google.android.gms.internal.mlkit_vision_barcode_bundled.zzs zziG
com.luck.picture.lib.camera.CustomCameraView$6: com.luck.picture.lib.camera.CustomCameraView this$0
dev.steenbakker.mobile_scanner.objects.BarcodeFormats: dev.steenbakker.mobile_scanner.objects.BarcodeFormats ITF
com.google.android.gms.internal.mlkit_vision_barcode_bundled.zzs: com.google.android.gms.internal.mlkit_vision_barcode_bundled.zzs zzbq
com.google.android.gms.internal.mlkit_vision_barcode_bundled.zzs: com.google.android.gms.internal.mlkit_vision_barcode_bundled.zzs zzkl
com.luck.picture.lib.camera.CustomCameraView: android.widget.ImageView mImagePreview
com.luck.picture.lib.widget.longimage.SubsamplingScaleImageView: int ZOOM_FOCUS_CENTER_IMMEDIATE
androidx.fragment.app.DialogFragment: boolean mViewDestroyed
com.luck.picture.lib.R$styleable: int AppCompatTheme_textAppearanceSmallPopupMenu
com.luck.picture.lib.R$attr: int isLightTheme
com.google.android.gms.internal.mlkit_vision_common.zzii: int zzl
com.luck.picture.lib.R$styleable: int AppCompatTextHelper_android_drawableEnd
com.luck.picture.lib.style.PictureParameterStyle: java.lang.String pictureUnPreviewText
com.luck.picture.lib.R$attr: int ucrop_aspect_ratio_y
com.luck.picture.lib.R$style: int Base_Widget_AppCompat_Light_PopupMenu_Overflow
com.luck.picture.lib.R$layout: int ucrop_aspect_ratio
com.luck.picture.lib.R$id: int btnCheck
com.yalantis.ucrop.task.BitmapLoadTask: android.content.Context mContext
com.google.android.gms.internal.mlkit_vision_barcode.zzpj: com.google.android.gms.internal.mlkit_vision_barcode.zzpj zzw
com.luck.picture.lib.R$styleable: int Fragment_android_tag
com.luck.picture.lib.R$color: int abc_decor_view_status_guard_light
com.luck.picture.lib.R$attr: int ucrop_show_grid
com.yalantis.ucrop.view.TransformImageView: float[] mInitialImageCenter
com.luck.picture.lib.R$styleable: int AppCompatTheme_listPreferredItemPaddingStart
com.luck.picture.lib.PictureSelectorActivity: android.widget.RelativeLayout mBottomLayout
com.google.android.gms.internal.mlkit_vision_barcode_bundled.zzs: com.google.android.gms.internal.mlkit_vision_barcode_bundled.zzs zzdt
com.google.android.gms.internal.mlkit_vision_common.zziv: com.google.android.gms.internal.mlkit_vision_common.zziv zzbO
com.google.android.gms.internal.mlkit_vision_barcode_bundled.zzs: com.google.android.gms.internal.mlkit_vision_barcode_bundled.zzs zzhP
com.google.android.gms.internal.mlkit_vision_barcode_bundled.zzjr: int zzd
com.google.android.gms.internal.mlkit_vision_barcode_bundled.zzs: com.google.android.gms.internal.mlkit_vision_barcode_bundled.zzs zzeo
com.luck.picture.lib.style.PictureParameterStyle: boolean isOpenCompletedNumStyle
com.luck.picture.lib.R$attr: int alertDialogButtonGroupStyle
com.google.android.datatransport.cct.internal.NetworkConnectionInfo$MobileSubtype: int value
com.yalantis.ucrop.UCrop$Options: java.lang.String EXTRA_SCALE
io.flutter.embedding.engine.renderer.FlutterRenderer$ImageTextureRegistryEntry: android.media.Image image
com.luck.picture.lib.photoview.PhotoViewAttacher: com.luck.picture.lib.photoview.OnSingleFlingListener mSingleFlingListener
com.luck.picture.lib.R$styleable: int AppCompatTheme_dropdownListPreferredItemHeight
com.google.android.gms.internal.auth.zzby: com.google.android.gms.internal.auth.zzby zzy